@!@!@STARTMSG 2262:0 @!@!@
TLC2 Version 2.14 of 10 July 2019
@!@!@ENDMSG 2262 @!@!@
@!@!@STARTMSG 2187:0 @!@!@
Running breadth-first search Model-Checking with fp 15 and seed 8982797912760871605 with 2 workers on 4 cores with 1180MB heap and 2652MB offheap memory [pid: 16089] (Linux 4.15.0-30deepin-generic amd64, AdoptOpenJDK 11.0.3 x86_64, OffHeapDiskFPSet, DiskStateQueue).
@!@!@ENDMSG 2187 @!@!@
@!@!@STARTMSG 2220:0 @!@!@
Starting SANY...
@!@!@ENDMSG 2220 @!@!@
Parsing file /home/ren/bluto/toolbox/specs/TicTacToe.toolbox/Model_1/MC.tla
Parsing file /home/ren/bluto/toolbox/specs/TicTacToe.toolbox/Model_1/TicTacToe.tla
Parsing file /home/ren/bluto/toolbox/plugins/org.lamport.tlatools_1.0.0.201907102009/tla2sany/StandardModules/TLC.tla
Parsing file /home/ren/bluto/toolbox/plugins/org.lamport.tlatools_1.0.0.201907102009/tla2sany/StandardModules/Sequences.tla
Parsing file /home/ren/bluto/toolbox/plugins/org.lamport.tlatools_1.0.0.201907102009/tla2sany/StandardModules/Naturals.tla
Parsing file /home/ren/bluto/toolbox/plugins/org.lamport.tlatools_1.0.0.201907102009/tla2sany/StandardModules/FiniteSets.tla
Semantic processing of module Naturals
Semantic processing of module Sequences
Semantic processing of module TicTacToe
Semantic processing of module FiniteSets
Semantic processing of module TLC
Semantic processing of module MC
@!@!@STARTMSG 2219:0 @!@!@
SANY finished.
@!@!@ENDMSG 2219 @!@!@
@!@!@STARTMSG 2185:0 @!@!@
Starting... (2019-12-02 23:48:06)
@!@!@ENDMSG 2185 @!@!@
@!@!@STARTMSG 2189:0 @!@!@
Computing initial states...
@!@!@ENDMSG 2189 @!@!@
@!@!@STARTMSG 2190:0 @!@!@
Finished computing initial states: 1 distinct state generated at 2019-12-02 23:48:07.
@!@!@ENDMSG 2190 @!@!@
@!@!@STARTMSG 2109:1 @!@!@
Successor state is not completely specified by the next-state action. The following variables are not assigned: NextTurn, board.

@!@!@ENDMSG 2109 @!@!@
@!@!@STARTMSG 2121:1 @!@!@
The behavior up to this point is:
@!@!@ENDMSG 2121 @!@!@
@!@!@STARTMSG 2217:4 @!@!@
1: <Initial predicate>
/\ cols = {<<1, 4, 7>>, <<2, 5, 8>>, <<3, 6, 9>>}
/\ NextTurn = "A"
/\ rows = {<<1, 2, 3>>, <<4, 5, 6>>, <<7, 8, 9>>}
/\ diags = {<<1, 5, 9>>, <<3, 5, 7>>}
/\ board = <<2, 2, 2, 2, 2, 2, 2, 2, 2>>

@!@!@ENDMSG 2217 @!@!@
@!@!@STARTMSG 2217:4 @!@!@
2: <TicTacToeNext line 70, col 5 to line 71, col 38 of module TicTacToe>
/\ cols = {<<1, 4, 7>>, <<2, 5, 8>>, <<3, 6, 9>>}
/\ NextTurn = "B"
/\ rows = {<<1, 2, 3>>, <<4, 5, 6>>, <<7, 8, 9>>}
/\ diags = {<<1, 5, 9>>, <<3, 5, 7>>}
/\ board = <<0, 2, 2, 2, 2, 2, 2, 2, 2>>

@!@!@ENDMSG 2217 @!@!@
@!@!@STARTMSG 2217:4 @!@!@
3: <TicTacToeNext line 70, col 5 to line 71, col 38 of module TicTacToe>
/\ cols = {<<1, 4, 7>>, <<2, 5, 8>>, <<3, 6, 9>>}
/\ NextTurn = "A"
/\ rows = {<<1, 2, 3>>, <<4, 5, 6>>, <<7, 8, 9>>}
/\ diags = {<<1, 5, 9>>, <<3, 5, 7>>}
/\ board = <<0, 1, 2, 2, 2, 2, 2, 2, 2>>

@!@!@ENDMSG 2217 @!@!@
@!@!@STARTMSG 2217:4 @!@!@
4: <TicTacToeNext line 70, col 5 to line 71, col 38 of module TicTacToe>
/\ cols = {<<1, 4, 7>>, <<2, 5, 8>>, <<3, 6, 9>>}
/\ NextTurn = "B"
/\ rows = {<<1, 2, 3>>, <<4, 5, 6>>, <<7, 8, 9>>}
/\ diags = {<<1, 5, 9>>, <<3, 5, 7>>}
/\ board = <<0, 1, 0, 2, 2, 2, 2, 2, 2>>

@!@!@ENDMSG 2217 @!@!@
@!@!@STARTMSG 2217:4 @!@!@
5: <TicTacToeNext line 70, col 5 to line 71, col 38 of module TicTacToe>
/\ cols = {<<1, 4, 7>>, <<2, 5, 8>>, <<3, 6, 9>>}
/\ NextTurn = "A"
/\ rows = {<<1, 2, 3>>, <<4, 5, 6>>, <<7, 8, 9>>}
/\ diags = {<<1, 5, 9>>, <<3, 5, 7>>}
/\ board = <<0, 1, 0, 1, 2, 2, 2, 2, 2>>

@!@!@ENDMSG 2217 @!@!@
@!@!@STARTMSG 2217:4 @!@!@
6: <TicTacToeNext line 70, col 5 to line 71, col 38 of module TicTacToe>
/\ cols = {<<1, 4, 7>>, <<2, 5, 8>>, <<3, 6, 9>>}
/\ NextTurn = "B"
/\ rows = {<<1, 2, 3>>, <<4, 5, 6>>, <<7, 8, 9>>}
/\ diags = {<<1, 5, 9>>, <<3, 5, 7>>}
/\ board = <<0, 1, 0, 1, 0, 2, 2, 2, 2>>

@!@!@ENDMSG 2217 @!@!@
@!@!@STARTMSG 2217:4 @!@!@
7: <TicTacToeNext line 70, col 5 to line 71, col 38 of module TicTacToe>
/\ cols = {<<1, 4, 7>>, <<2, 5, 8>>, <<3, 6, 9>>}
/\ NextTurn = "A"
/\ rows = {<<1, 2, 3>>, <<4, 5, 6>>, <<7, 8, 9>>}
/\ diags = {<<1, 5, 9>>, <<3, 5, 7>>}
/\ board = <<0, 1, 0, 1, 0, 1, 2, 2, 2>>

@!@!@ENDMSG 2217 @!@!@
@!@!@STARTMSG 2217:4 @!@!@
8: <TicTacToeNext line 70, col 5 to line 71, col 38 of module TicTacToe>
/\ cols = {<<1, 4, 7>>, <<2, 5, 8>>, <<3, 6, 9>>}
/\ NextTurn = "B"
/\ rows = {<<1, 2, 3>>, <<4, 5, 6>>, <<7, 8, 9>>}
/\ diags = {<<1, 5, 9>>, <<3, 5, 7>>}
/\ board = <<0, 1, 0, 1, 0, 1, 0, 2, 2>>

@!@!@ENDMSG 2217 @!@!@
@!@!@STARTMSG 2217:4 @!@!@
9: <TicTacToeNext line 70, col 5 to line 71, col 38 of module TicTacToe>
/\ cols = {<<1, 4, 7>>, <<2, 5, 8>>, <<3, 6, 9>>}
/\ NextTurn = "A"
/\ rows = {<<1, 2, 3>>, <<4, 5, 6>>, <<7, 8, 9>>}
/\ diags = {<<1, 5, 9>>, <<3, 5, 7>>}
/\ board = <<0, 1, 0, 1, 0, 1, 0, 1, 2>>

@!@!@ENDMSG 2217 @!@!@
@!@!@STARTMSG 2217:4 @!@!@
10: <TicTacToeNext line 70, col 5 to line 71, col 38 of module TicTacToe>
/\ cols = {<<1, 4, 7>>, <<2, 5, 8>>, <<3, 6, 9>>}
/\ NextTurn = "B"
/\ rows = {<<1, 2, 3>>, <<4, 5, 6>>, <<7, 8, 9>>}
/\ diags = {<<1, 5, 9>>, <<3, 5, 7>>}
/\ board = <<0, 1, 0, 1, 0, 1, 0, 1, 0>>

@!@!@ENDMSG 2217 @!@!@
@!@!@STARTMSG 2217:4 @!@!@
11: <TicTacToeNext line 70, col 5 to line 71, col 38 of module TicTacToe>
/\ cols = {<<1, 4, 7>>, <<2, 5, 8>>, <<3, 6, 9>>}
/\ NextTurn = null
/\ rows = {<<1, 2, 3>>, <<4, 5, 6>>, <<7, 8, 9>>}
/\ diags = {<<1, 5, 9>>, <<3, 5, 7>>}
/\ board = null

@!@!@ENDMSG 2217 @!@!@
@!@!@STARTMSG 2201:0 @!@!@
The coverage statistics at 2019-12-02 23:48:07
@!@!@ENDMSG 2201 @!@!@
@!@!@STARTMSG 2773:0 @!@!@
<TicTacToeInit line 36, col 1 to line 36, col 13 of module TicTacToe>: 2:2
@!@!@ENDMSG 2773 @!@!@
@!@!@STARTMSG 2221:0 @!@!@
  line 37, col 5 to line 41, col 41 of module TicTacToe: 2
@!@!@ENDMSG 2221 @!@!@
@!@!@STARTMSG 2772:0 @!@!@
<TicTacToeNext line 69, col 1 to line 69, col 13 of module TicTacToe>: 6045:19179
@!@!@ENDMSG 2772 @!@!@
@!@!@STARTMSG 2221:0 @!@!@
  line 51, col 8 to line 51, col 21 of module TicTacToe: 63376
@!@!@ENDMSG 2221 @!@!@
@!@!@STARTMSG 2221:0 @!@!@
  |line 51, col 8 to line 51, col 15 of module TicTacToe: 53388
@!@!@ENDMSG 2221 @!@!@
@!@!@STARTMSG 2221:0 @!@!@
  line 52, col 8 to line 52, col 19 of module TicTacToe: 38284
@!@!@ENDMSG 2221 @!@!@
@!@!@STARTMSG 2221:0 @!@!@
  |line 52, col 8 to line 52, col 8 of module TicTacToe: 28296
@!@!@ENDMSG 2221 @!@!@
@!@!@STARTMSG 2221:0 @!@!@
  |line 52, col 15 to line 52, col 18 of module TicTacToe: 28296
@!@!@ENDMSG 2221 @!@!@
@!@!@STARTMSG 2221:0 @!@!@
  line 53, col 8 to line 53, col 19 of module TicTacToe: 38284
@!@!@ENDMSG 2221 @!@!@
@!@!@STARTMSG 2221:0 @!@!@
  |line 53, col 8 to line 53, col 15 of module TicTacToe: 28296
@!@!@ENDMSG 2221 @!@!@
@!@!@STARTMSG 2221:0 @!@!@
  line 54, col 8 to line 54, col 16 of module TicTacToe: 9988
@!@!@ENDMSG 2221 @!@!@
@!@!@STARTMSG 2221:0 @!@!@
  line 55, col 8 to line 55, col 22 of module TicTacToe: 9988
@!@!@ENDMSG 2221 @!@!@
@!@!@STARTMSG 2221:0 @!@!@
  line 70, col 31 to line 70, col 31 of module TicTacToe: 28296
@!@!@ENDMSG 2221 @!@!@
@!@!@STARTMSG 2221:0 @!@!@
  line 59, col 8 to line 59, col 21 of module TicTacToe: 62552
@!@!@ENDMSG 2221 @!@!@
@!@!@STARTMSG 2221:0 @!@!@
  |line 59, col 8 to line 59, col 15 of module TicTacToe: 53388
@!@!@ENDMSG 2221 @!@!@
@!@!@STARTMSG 2221:0 @!@!@
  line 60, col 8 to line 60, col 19 of module TicTacToe: 34256
@!@!@ENDMSG 2221 @!@!@
@!@!@STARTMSG 2221:0 @!@!@
  |line 60, col 8 to line 60, col 8 of module TicTacToe: 25092
@!@!@ENDMSG 2221 @!@!@
@!@!@STARTMSG 2221:0 @!@!@
  |line 60, col 15 to line 60, col 18 of module TicTacToe: 25092
@!@!@ENDMSG 2221 @!@!@
@!@!@STARTMSG 2221:0 @!@!@
  line 61, col 8 to line 61, col 19 of module TicTacToe: 34256
@!@!@ENDMSG 2221 @!@!@
@!@!@STARTMSG 2221:0 @!@!@
  |line 61, col 8 to line 61, col 15 of module TicTacToe: 25092
@!@!@ENDMSG 2221 @!@!@
@!@!@STARTMSG 2221:0 @!@!@
  line 62, col 8 to line 62, col 16 of module TicTacToe: 9164
@!@!@ENDMSG 2221 @!@!@
@!@!@STARTMSG 2221:0 @!@!@
  line 63, col 8 to line 63, col 22 of module TicTacToe: 9164
@!@!@ENDMSG 2221 @!@!@
@!@!@STARTMSG 2221:0 @!@!@
  line 70, col 43 to line 70, col 43 of module TicTacToe: 25092
@!@!@ENDMSG 2221 @!@!@
@!@!@STARTMSG 2221:0 @!@!@
  line 66, col 25 to line 66, col 36 of module TicTacToe: 142758
@!@!@ENDMSG 2221 @!@!@
@!@!@STARTMSG 2221:0 @!@!@
  |line 66, col 25 to line 66, col 32 of module TicTacToe: 142515
@!@!@ENDMSG 2221 @!@!@
@!@!@STARTMSG 2221:0 @!@!@
  line 66, col 18 to line 66, col 21 of module TicTacToe: 53388
@!@!@ENDMSG 2221 @!@!@
@!@!@STARTMSG 2221:0 @!@!@
  line 70, col 18 to line 70, col 21 of module TicTacToe: 5932
@!@!@ENDMSG 2221 @!@!@
@!@!@STARTMSG 2221:0 @!@!@
  line 71, col 8 to line 71, col 38 of module TicTacToe: 19179
@!@!@ENDMSG 2221 @!@!@
@!@!@STARTMSG 2202:0 @!@!@
End of statistics.
@!@!@ENDMSG 2202 @!@!@
@!@!@STARTMSG 2200:0 @!@!@
Progress(10) at 2019-12-02 23:48:07: 19,126 states generated (802,489 s/min), 6,046 distinct states found (253,678 ds/min), 124 states left on queue.
@!@!@ENDMSG 2200 @!@!@
@!@!@STARTMSG 2199:0 @!@!@
19126 states generated, 6046 distinct states found, 124 states left on queue.
@!@!@ENDMSG 2199 @!@!@
@!@!@STARTMSG 2194:0 @!@!@
The depth of the complete state graph search is 10.
@!@!@ENDMSG 2194 @!@!@
@!@!@STARTMSG 2268:0 @!@!@
The average outdegree of the complete state graph is 1 (minimum is 0, the maximum 9 and the 95th percentile is 4).
@!@!@ENDMSG 2268 @!@!@
@!@!@STARTMSG 2186:0 @!@!@
Finished in 1432ms at (2019-12-02 23:48:07)
@!@!@ENDMSG 2186 @!@!@
