@!@!@STARTMSG 2262:0 @!@!@
TLC2 Version 2.14 of 10 July 2019
@!@!@ENDMSG 2262 @!@!@
@!@!@STARTMSG 2187:0 @!@!@
Running breadth-first search Model-Checking with fp 84 and seed -2313083894182422096 with 2 workers on 4 cores with 1180MB heap and 2652MB offheap memory [pid: 16303] (Linux 4.15.0-30deepin-generic amd64, AdoptOpenJDK 11.0.3 x86_64, OffHeapDiskFPSet, DiskStateQueue).
@!@!@ENDMSG 2187 @!@!@
@!@!@STARTMSG 2220:0 @!@!@
Starting SANY...
@!@!@ENDMSG 2220 @!@!@
Parsing file /home/ren/bluto/toolbox/specs/TicTacToe.toolbox/Model_1/MC.tla
Parsing file /home/ren/bluto/toolbox/specs/TicTacToe.toolbox/Model_1/TicTacToe.tla
Parsing file /home/ren/bluto/toolbox/plugins/org.lamport.tlatools_1.0.0.201907102009/tla2sany/StandardModules/TLC.tla
Parsing file /home/ren/bluto/toolbox/plugins/org.lamport.tlatools_1.0.0.201907102009/tla2sany/StandardModules/Sequences.tla
Parsing file /home/ren/bluto/toolbox/plugins/org.lamport.tlatools_1.0.0.201907102009/tla2sany/StandardModules/Naturals.tla
Parsing file /home/ren/bluto/toolbox/plugins/org.lamport.tlatools_1.0.0.201907102009/tla2sany/StandardModules/FiniteSets.tla
Semantic processing of module Naturals
Semantic processing of module Sequences
Semantic processing of module TicTacToe
Semantic processing of module FiniteSets
Semantic processing of module TLC
Semantic processing of module MC
@!@!@STARTMSG 2219:0 @!@!@
SANY finished.
@!@!@ENDMSG 2219 @!@!@
@!@!@STARTMSG 2185:0 @!@!@
Starting... (2019-12-02 23:49:52)
@!@!@ENDMSG 2185 @!@!@
@!@!@STARTMSG 2189:0 @!@!@
Computing initial states...
@!@!@ENDMSG 2189 @!@!@
@!@!@STARTMSG 2102:1 @!@!@
To convert a function of form [x \in S |-> f(x)] to a tuple, the set S must be enumerable.
While working on the initial state:
/\ cols = {<<1, 4, 7>>, <<2, 5, 8>>, <<3, 6, 9>>}
/\ NextTurn = "A"
/\ rows = {<<1, 2, 3>>, <<4, 5, 6>>, <<7, 8, 9>>}
/\ diags = {<<1, 5, 9>>, <<3, 5, 7>>}
/\ board = <<2, 2, 2, 2, 2, 2, 2, 2, 2>>

@!@!@ENDMSG 2102 @!@!@
@!@!@STARTMSG 2103:1 @!@!@
The error occurred when TLC was evaluating the nested
expressions at the following positions:
0. Line 37, column 5 to line 41, column 41 in TicTacToe
1. Line 37, column 8 to line 37, column 21 in TicTacToe
2. Line 38, column 8 to line 38, column 35 in TicTacToe
3. Line 39, column 8 to line 39, column 53 in TicTacToe
4. Line 40, column 8 to line 40, column 53 in TicTacToe
5. Line 41, column 8 to line 41, column 41 in TicTacToe
6. Line 31, column 5 to line 33, column 20 in TicTacToe
7. Line 31, column 8 to line 31, column 19 in TicTacToe
8. Line 13, column 5 to line 15, column 63 in TicTacToe
9. Line 13, column 8 to line 15, column 63 in TicTacToe
10. Line 14, column 13 to line 15, column 63 in TicTacToe
11. Line 15, column 16 to line 15, column 63 in TicTacToe
12. Line 15, column 16 to line 15, column 37 in TicTacToe


@!@!@ENDMSG 2103 @!@!@
@!@!@STARTMSG 2201:0 @!@!@
The coverage statistics at 2019-12-02 23:49:53
@!@!@ENDMSG 2201 @!@!@
@!@!@STARTMSG 2773:0 @!@!@
<TicTacToeInit line 36, col 1 to line 36, col 13 of module TicTacToe>: 2:2
@!@!@ENDMSG 2773 @!@!@
@!@!@STARTMSG 2221:0 @!@!@
  line 37, col 5 to line 41, col 41 of module TicTacToe: 2
@!@!@ENDMSG 2221 @!@!@
@!@!@STARTMSG 2772:0 @!@!@
<TicTacToeNext line 69, col 1 to line 69, col 13 of module TicTacToe>: 0:0
@!@!@ENDMSG 2772 @!@!@
@!@!@STARTMSG 2221:0 @!@!@
  line 47, col 8 to line 47, col 41 of module TicTacToe: 0
@!@!@ENDMSG 2221 @!@!@
@!@!@STARTMSG 2221:0 @!@!@
  line 55, col 8 to line 55, col 22 of module TicTacToe: 0
@!@!@ENDMSG 2221 @!@!@
@!@!@STARTMSG 2221:0 @!@!@
  line 47, col 8 to line 47, col 41 of module TicTacToe: 0
@!@!@ENDMSG 2221 @!@!@
@!@!@STARTMSG 2221:0 @!@!@
  line 63, col 8 to line 63, col 22 of module TicTacToe: 0
@!@!@ENDMSG 2221 @!@!@
@!@!@STARTMSG 2221:0 @!@!@
  line 67, col 8 to line 67, col 36 of module TicTacToe: 0
@!@!@ENDMSG 2221 @!@!@
@!@!@STARTMSG 2221:0 @!@!@
  line 71, col 8 to line 71, col 38 of module TicTacToe: 0
@!@!@ENDMSG 2221 @!@!@
@!@!@STARTMSG 2774:0 @!@!@
<TicTacToeInvariant line 30, col 1 to line 30, col 18 of module TicTacToe>
@!@!@ENDMSG 2774 @!@!@
@!@!@STARTMSG 2221:0 @!@!@
  line 31, col 5 to line 33, col 20 of module TicTacToe: 2
@!@!@ENDMSG 2221 @!@!@
@!@!@STARTMSG 2202:0 @!@!@
End of statistics.
@!@!@ENDMSG 2202 @!@!@
@!@!@STARTMSG 2200:0 @!@!@
Progress(1) at 2019-12-02 23:49:53: 1 states generated (52 s/min), 1 distinct states found (52 ds/min), 1 states left on queue.
@!@!@ENDMSG 2200 @!@!@
@!@!@STARTMSG 2199:0 @!@!@
1 states generated, 1 distinct states found, 1 states left on queue.
@!@!@ENDMSG 2199 @!@!@
@!@!@STARTMSG 2186:0 @!@!@
Finished in 1141ms at (2019-12-02 23:49:53)
@!@!@ENDMSG 2186 @!@!@
