@!@!@STARTMSG 2262:0 @!@!@
TLC2 Version 2.14 of 10 July 2019
@!@!@ENDMSG 2262 @!@!@
@!@!@STARTMSG 2187:0 @!@!@
Running breadth-first search Model-Checking with fp 32 and seed 3194977380388744824 with 2 workers on 4 cores with 1180MB heap and 2652MB offheap memory [pid: 15984] (Linux 4.15.0-30deepin-generic amd64, AdoptOpenJDK 11.0.3 x86_64, OffHeapDiskFPSet, DiskStateQueue).
@!@!@ENDMSG 2187 @!@!@
@!@!@STARTMSG 2220:0 @!@!@
Starting SANY...
@!@!@ENDMSG 2220 @!@!@
Parsing file /home/ren/bluto/toolbox/specs/Sudoku.toolbox/Model_1/MC.tla
Parsing file /home/ren/bluto/toolbox/specs/Sudoku.toolbox/Model_1/Sudoku.tla
Parsing file /home/ren/bluto/toolbox/plugins/org.lamport.tlatools_1.0.0.201907102009/tla2sany/StandardModules/TLC.tla
Parsing file /home/ren/bluto/toolbox/plugins/org.lamport.tlatools_1.0.0.201907102009/tla2sany/StandardModules/Naturals.tla
Parsing file /home/ren/bluto/toolbox/plugins/org.lamport.tlatools_1.0.0.201907102009/tla2sany/StandardModules/Sequences.tla
Parsing file /home/ren/bluto/toolbox/plugins/org.lamport.tlatools_1.0.0.201907102009/tla2sany/StandardModules/FiniteSets.tla
Semantic processing of module Naturals
Semantic processing of module Sudoku
Semantic processing of module Sequences
Semantic processing of module FiniteSets
Semantic processing of module TLC
Semantic processing of module MC
@!@!@STARTMSG 2219:0 @!@!@
SANY finished.
@!@!@ENDMSG 2219 @!@!@
@!@!@STARTMSG 2185:0 @!@!@
Starting... (2019-12-03 23:54:37)
@!@!@ENDMSG 2185 @!@!@
@!@!@STARTMSG 2189:0 @!@!@
Computing initial states...
@!@!@ENDMSG 2189 @!@!@
@!@!@STARTMSG 2190:0 @!@!@
Finished computing initial states: 1 distinct state generated at 2019-12-03 23:54:38.
@!@!@ENDMSG 2190 @!@!@
@!@!@STARTMSG 2110:1 @!@!@
Invariant ColInvariant is violated.
@!@!@ENDMSG 2110 @!@!@
@!@!@STARTMSG 2121:1 @!@!@
The behavior up to this point is:
@!@!@ENDMSG 2121 @!@!@
@!@!@STARTMSG 2217:4 @!@!@
1: <Initial predicate>
/\ cols = << <<1, 10, 19, 28, 37, 46, 55, 64, 73>>,
   <<2, 11, 20, 29, 38, 47, 56, 65, 74>>,
   <<3, 12, 21, 30, 39, 48, 57, 66, 75>>,
   <<4, 13, 22, 31, 40, 49, 58, 67, 76>>,
   <<5, 14, 23, 32, 41, 50, 59, 68, 77>>,
   <<6, 15, 24, 33, 42, 51, 60, 69, 78>>,
   <<7, 16, 25, 34, 43, 52, 61, 70, 79>>,
   <<8, 17, 26, 35, 44, 53, 62, 71, 80>>,
   <<9, 18, 27, 36, 45, 54, 63, 72, 81>> >>
/\ blocks = ( 11 :> {1, 2, 3, 10, 11, 12, 19, 20, 21} @@
  14 :> {4, 5, 6, 13, 14, 15, 22, 23, 24} @@
  17 :> {7, 8, 9, 16, 17, 18, 25, 26, 27} @@
  38 :> {28, 29, 30, 37, 38, 39, 46, 47, 48} @@
  41 :> {31, 32, 33, 40, 41, 42, 49, 50, 51} @@
  44 :> {34, 35, 36, 43, 44, 45, 52, 53, 54} @@
  65 :> {55, 56, 57, 64, 65, 66, 73, 74, 75} @@
  68 :> {58, 59, 60, 67, 68, 69, 76, 77, 78} @@
  71 :> {61, 62, 63, 70, 71, 72, 79, 80, 81} )
/\ rows = << <<1, 2, 3, 4, 5, 6, 7, 8, 9>>,
   <<2, 4, 6, 8, 10, 12, 14, 16, 18>>,
   <<3, 6, 9, 12, 15, 18, 21, 24, 27>>,
   <<4, 8, 12, 16, 20, 24, 28, 32, 36>>,
   <<5, 10, 15, 20, 25, 30, 35, 40, 45>>,
   <<6, 12, 18, 24, 30, 36, 42, 48, 54>>,
   <<7, 14, 21, 28, 35, 42, 49, 56, 63>>,
   <<8, 16, 24, 32, 40, 48, 56, 64, 72>>,
   <<9, 18, 27, 36, 45, 54, 63, 72, 81>> >>
/\ diags = {{1, 11, 21, 31, 41, 51, 61, 71, 81}, {9, 17, 25, 33, 41, 49, 57, 65, 73}}
/\ sudoku = << 0,
   0,
   0,
   0,
   0,
   0,
   0,
   0,
   0,
   0,
   0,
   0,
   0,
   0,
   0,
   0,
   0,
   0,
   0,
   0,
   0,
   0,
   0,
   0,
   0,
   0,
   0,
   0,
   0,
   0,
   0,
   0,
   0,
   0,
   0,
   0,
   0,
   0,
   0,
   0,
   0,
   0,
   0,
   0,
   0,
   0,
   0,
   0,
   0,
   0,
   0,
   0,
   0,
   0,
   0,
   0,
   0,
   0,
   0,
   0,
   0,
   0,
   0,
   0,
   0,
   0,
   0,
   0,
   0,
   0,
   0,
   0,
   0,
   0,
   0,
   0,
   0,
   0,
   0,
   0,
   0 >>

@!@!@ENDMSG 2217 @!@!@
@!@!@STARTMSG 2217:4 @!@!@
2: <SudokuNext line 27, col 39 to line 29, col 80 of module Sudoku>
/\ cols = << <<1, 10, 19, 28, 37, 46, 55, 64, 73>>,
   <<2, 11, 20, 29, 38, 47, 56, 65, 74>>,
   <<3, 12, 21, 30, 39, 48, 57, 66, 75>>,
   <<4, 13, 22, 31, 40, 49, 58, 67, 76>>,
   <<5, 14, 23, 32, 41, 50, 59, 68, 77>>,
   <<6, 15, 24, 33, 42, 51, 60, 69, 78>>,
   <<7, 16, 25, 34, 43, 52, 61, 70, 79>>,
   <<8, 17, 26, 35, 44, 53, 62, 71, 80>>,
   <<9, 18, 27, 36, 45, 54, 63, 72, 81>> >>
/\ blocks = ( 11 :> {1, 2, 3, 10, 11, 12, 19, 20, 21} @@
  14 :> {4, 5, 6, 13, 14, 15, 22, 23, 24} @@
  17 :> {7, 8, 9, 16, 17, 18, 25, 26, 27} @@
  38 :> {28, 29, 30, 37, 38, 39, 46, 47, 48} @@
  41 :> {31, 32, 33, 40, 41, 42, 49, 50, 51} @@
  44 :> {34, 35, 36, 43, 44, 45, 52, 53, 54} @@
  65 :> {55, 56, 57, 64, 65, 66, 73, 74, 75} @@
  68 :> {58, 59, 60, 67, 68, 69, 76, 77, 78} @@
  71 :> {61, 62, 63, 70, 71, 72, 79, 80, 81} )
/\ rows = << <<1, 2, 3, 4, 5, 6, 7, 8, 9>>,
   <<2, 4, 6, 8, 10, 12, 14, 16, 18>>,
   <<3, 6, 9, 12, 15, 18, 21, 24, 27>>,
   <<4, 8, 12, 16, 20, 24, 28, 32, 36>>,
   <<5, 10, 15, 20, 25, 30, 35, 40, 45>>,
   <<6, 12, 18, 24, 30, 36, 42, 48, 54>>,
   <<7, 14, 21, 28, 35, 42, 49, 56, 63>>,
   <<8, 16, 24, 32, 40, 48, 56, 64, 72>>,
   <<9, 18, 27, 36, 45, 54, 63, 72, 81>> >>
/\ diags = {{1, 11, 21, 31, 41, 51, 61, 71, 81}, {9, 17, 25, 33, 41, 49, 57, 65, 73}}
/\ sudoku = << 1,
   0,
   0,
   0,
   0,
   0,
   0,
   0,
   0,
   0,
   0,
   0,
   0,
   0,
   0,
   0,
   0,
   0,
   0,
   0,
   0,
   0,
   0,
   0,
   0,
   0,
   0,
   0,
   0,
   0,
   0,
   0,
   0,
   0,
   0,
   0,
   0,
   0,
   0,
   0,
   0,
   0,
   0,
   0,
   0,
   0,
   0,
   0,
   0,
   0,
   0,
   0,
   0,
   0,
   0,
   0,
   0,
   0,
   0,
   0,
   0,
   0,
   0,
   0,
   0,
   0,
   0,
   0,
   0,
   0,
   0,
   0,
   0,
   0,
   0,
   0,
   0,
   0,
   0,
   0,
   0 >>

@!@!@ENDMSG 2217 @!@!@
@!@!@STARTMSG 2201:0 @!@!@
The coverage statistics at 2019-12-03 23:54:38
@!@!@ENDMSG 2201 @!@!@
@!@!@STARTMSG 2773:0 @!@!@
<SudokuInit line 15, col 1 to line 15, col 10 of module Sudoku>: 1:1
@!@!@ENDMSG 2773 @!@!@
@!@!@STARTMSG 2221:0 @!@!@
  line 16, col 5 to line 20, col 110 of module Sudoku: 1
@!@!@ENDMSG 2221 @!@!@
@!@!@STARTMSG 2772:0 @!@!@
<SudokuNext line 26, col 1 to line 26, col 10 of module Sudoku (27 39 29 80)>: 1:2
@!@!@ENDMSG 2772 @!@!@
@!@!@STARTMSG 2221:0 @!@!@
  line 27, col 42 to line 27, col 56 of module Sudoku: 4
@!@!@ENDMSG 2221 @!@!@
@!@!@STARTMSG 2221:0 @!@!@
  |line 27, col 42 to line 27, col 50 of module Sudoku: 2
@!@!@ENDMSG 2221 @!@!@
@!@!@STARTMSG 2221:0 @!@!@
  |line 27, col 54 to line 27, col 56 of module Sudoku: 2
@!@!@ENDMSG 2221 @!@!@
@!@!@STARTMSG 2221:0 @!@!@
  line 28, col 42 to line 28, col 77 of module Sudoku: 2
@!@!@ENDMSG 2221 @!@!@
@!@!@STARTMSG 2221:0 @!@!@
  line 29, col 42 to line 29, col 80 of module Sudoku: 2
@!@!@ENDMSG 2221 @!@!@
@!@!@STARTMSG 2774:0 @!@!@
<RowInvariant line 32, col 1 to line 32, col 12 of module Sudoku>
@!@!@ENDMSG 2774 @!@!@
@!@!@STARTMSG 2221:0 @!@!@
  line 33, col 5 to line 36, col 36 of module Sudoku: 2
@!@!@ENDMSG 2221 @!@!@
@!@!@STARTMSG 2221:0 @!@!@
  |line 34, col 9 to line 36, col 36 of module Sudoku: 18
@!@!@ENDMSG 2221 @!@!@
@!@!@STARTMSG 2221:0 @!@!@
  ||line 34, col 29 to line 36, col 36 of module Sudoku: 1458
@!@!@ENDMSG 2221 @!@!@
@!@!@STARTMSG 2221:0 @!@!@
  |||line 34, col 32 to line 34, col 70 of module Sudoku: 1458
@!@!@ENDMSG 2221 @!@!@
@!@!@STARTMSG 2221:0 @!@!@
  |||line 35, col 33 to line 35, col 84 of module Sudoku: 1442
@!@!@ENDMSG 2221 @!@!@
@!@!@STARTMSG 2221:0 @!@!@
  ||||line 35, col 33 to line 35, col 56 of module Sudoku: 1442
@!@!@ENDMSG 2221 @!@!@
@!@!@STARTMSG 2221:0 @!@!@
  ||||line 35, col 61 to line 35, col 84 of module Sudoku: 1441
@!@!@ENDMSG 2221 @!@!@
@!@!@STARTMSG 2221:0 @!@!@
  |||line 36, col 32 to line 36, col 36 of module Sudoku: 1
@!@!@ENDMSG 2221 @!@!@
@!@!@STARTMSG 2221:0 @!@!@
  ||line 34, col 22 to line 34, col 25 of module Sudoku: 18
@!@!@ENDMSG 2221 @!@!@
@!@!@STARTMSG 2221:0 @!@!@
  |line 33, col 15 to line 33, col 18 of module Sudoku: 2
@!@!@ENDMSG 2221 @!@!@
@!@!@STARTMSG 2774:0 @!@!@
<ColInvariant line 39, col 1 to line 39, col 12 of module Sudoku>
@!@!@ENDMSG 2774 @!@!@
@!@!@STARTMSG 2221:0 @!@!@
  line 40, col 5 to line 42, col 85 of module Sudoku: 2
@!@!@ENDMSG 2221 @!@!@
@!@!@STARTMSG 2221:0 @!@!@
  |line 41, col 9 to line 42, col 85 of module Sudoku: 10
@!@!@ENDMSG 2221 @!@!@
@!@!@STARTMSG 2221:0 @!@!@
  ||line 41, col 29 to line 42, col 85 of module Sudoku: 730
@!@!@ENDMSG 2221 @!@!@
@!@!@STARTMSG 2221:0 @!@!@
  |||line 41, col 32 to line 41, col 70 of module Sudoku: 730
@!@!@ENDMSG 2221 @!@!@
@!@!@STARTMSG 2221:0 @!@!@
  |||line 42, col 33 to line 42, col 84 of module Sudoku: 730
@!@!@ENDMSG 2221 @!@!@
@!@!@STARTMSG 2221:0 @!@!@
  ||||line 42, col 33 to line 42, col 56 of module Sudoku: 730
@!@!@ENDMSG 2221 @!@!@
@!@!@STARTMSG 2221:0 @!@!@
  ||||line 42, col 61 to line 42, col 84 of module Sudoku: 729
@!@!@ENDMSG 2221 @!@!@
@!@!@STARTMSG 2221:0 @!@!@
  ||line 41, col 22 to line 41, col 25 of module Sudoku: 10
@!@!@ENDMSG 2221 @!@!@
@!@!@STARTMSG 2221:0 @!@!@
  |line 40, col 15 to line 40, col 18 of module Sudoku: 2
@!@!@ENDMSG 2221 @!@!@
@!@!@STARTMSG 2774:0 @!@!@
<DiagInvariant line 45, col 1 to line 45, col 13 of module Sudoku>
@!@!@ENDMSG 2774 @!@!@
@!@!@STARTMSG 2221:0 @!@!@
  line 46, col 5 to line 48, col 65 of module Sudoku: 1
@!@!@ENDMSG 2221 @!@!@
@!@!@STARTMSG 2221:0 @!@!@
  |line 47, col 9 to line 48, col 65 of module Sudoku: 2
@!@!@ENDMSG 2221 @!@!@
@!@!@STARTMSG 2221:0 @!@!@
  ||line 47, col 27 to line 48, col 65 of module Sudoku: 162
@!@!@ENDMSG 2221 @!@!@
@!@!@STARTMSG 2221:0 @!@!@
  ||line 47, col 21 to line 47, col 24 of module Sudoku: 2
@!@!@ENDMSG 2221 @!@!@
@!@!@STARTMSG 2221:0 @!@!@
  |line 46, col 17 to line 46, col 21 of module Sudoku: 1
@!@!@ENDMSG 2221 @!@!@
@!@!@STARTMSG 2774:0 @!@!@
<BlockInvariant line 50, col 1 to line 50, col 14 of module Sudoku>
@!@!@ENDMSG 2774 @!@!@
@!@!@STARTMSG 2221:0 @!@!@
  line 51, col 5 to line 53, col 70 of module Sudoku: 1
@!@!@ENDMSG 2221 @!@!@
@!@!@STARTMSG 2221:0 @!@!@
  |line 52, col 9 to line 53, col 70 of module Sudoku: 9
@!@!@ENDMSG 2221 @!@!@
@!@!@STARTMSG 2221:0 @!@!@
  ||line 52, col 32 to line 53, col 70 of module Sudoku: 729
@!@!@ENDMSG 2221 @!@!@
@!@!@STARTMSG 2221:0 @!@!@
  ||line 52, col 21 to line 52, col 29 of module Sudoku: 9
@!@!@ENDMSG 2221 @!@!@
@!@!@STARTMSG 2221:0 @!@!@
  |line 51, col 14 to line 51, col 26 of module Sudoku: 1
@!@!@ENDMSG 2221 @!@!@
@!@!@STARTMSG 2202:0 @!@!@
End of statistics.
@!@!@ENDMSG 2202 @!@!@
@!@!@STARTMSG 2200:0 @!@!@
Progress(2) at 2019-12-03 23:54:38: 2 states generated (103 s/min), 2 distinct states found (103 ds/min), 0 states left on queue.
@!@!@ENDMSG 2200 @!@!@
@!@!@STARTMSG 2199:0 @!@!@
2 states generated, 2 distinct states found, 0 states left on queue.
@!@!@ENDMSG 2199 @!@!@
@!@!@STARTMSG 2194:0 @!@!@
The depth of the complete state graph search is 2.
@!@!@ENDMSG 2194 @!@!@
@!@!@STARTMSG 2186:0 @!@!@
Finished in 1168ms at (2019-12-03 23:54:38)
@!@!@ENDMSG 2186 @!@!@
